0 info it worked if it ends with ok
1 verbose cli [ 'node', '/usr/local/bin/npm', 'install', 'v0.8.9' ]
2 info using npm@1.3.14
3 info using node@v0.10.22
4 verbose readDependencies using package.json deps
5 verbose cache add [ 'v0.8.9', null ]
6 verbose cache add name=undefined spec="v0.8.9" args=["v0.8.9",null]
7 verbose parsed url { protocol: null,
7 verbose parsed url   slashes: null,
7 verbose parsed url   auth: null,
7 verbose parsed url   host: null,
7 verbose parsed url   port: null,
7 verbose parsed url   hostname: null,
7 verbose parsed url   hash: null,
7 verbose parsed url   search: null,
7 verbose parsed url   query: null,
7 verbose parsed url   pathname: 'v0.8.9',
7 verbose parsed url   path: 'v0.8.9',
7 verbose parsed url   href: 'v0.8.9' }
8 silly lockFile c7dba73a-v0-8-9 v0.8.9
9 verbose lock v0.8.9 /Users/demo/.npm/c7dba73a-v0-8-9.lock
10 silly lockFile c7dba73a-v0-8-9 v0.8.9
11 silly lockFile c7dba73a-v0-8-9 v0.8.9
12 verbose addNamed [ 'v0.8.9', '' ]
13 verbose addNamed [ null, '*' ]
14 silly lockFile ee888c84-v0-8-9 v0.8.9@
15 verbose lock v0.8.9@ /Users/demo/.npm/ee888c84-v0-8-9.lock
16 silly addNameRange { name: 'v0.8.9', range: '*', hasData: false }
17 verbose url raw v0.8.9
18 verbose url resolving [ 'https://registry.npmjs.org/', './v0.8.9' ]
19 verbose url resolved https://registry.npmjs.org/v0.8.9
20 info trying registry request attempt 1 at 15:21:09
21 http GET https://registry.npmjs.org/v0.8.9
22 http 404 https://registry.npmjs.org/v0.8.9
23 silly registry.get cb [ 404,
23 silly registry.get   { date: 'Sun, 29 Dec 2013 07:21:13 GMT',
23 silly registry.get     server: 'CouchDB/1.5.0 (Erlang OTP/R15B03)',
23 silly registry.get     'content-type': 'application/json',
23 silly registry.get     'cache-control': 'max-age=0',
23 silly registry.get     'content-length': '52',
23 silly registry.get     'accept-ranges': 'bytes',
23 silly registry.get     via: '1.1 varnish',
23 silly registry.get     age: '0',
23 silly registry.get     'x-served-by': 'cache-ty66-TYO',
23 silly registry.get     'x-cache': 'MISS',
23 silly registry.get     'x-cache-hits': '0',
23 silly registry.get     'x-timer': 'S1388301673.121327877,VS0,VE161',
23 silly registry.get     'keep-alive': 'timeout=10, max=50',
23 silly registry.get     connection: 'Keep-Alive' } ]
24 silly lockFile ee888c84-v0-8-9 v0.8.9@
25 silly lockFile ee888c84-v0-8-9 v0.8.9@
26 error 404 'v0.8.9' is not in the npm registry.
26 error 404 You should bug the author to publish it
26 error 404
26 error 404 Note that you can also install from a
26 error 404 tarball, folder, or http url, or git url.
27 error System Darwin 13.0.0
28 error command "node" "/usr/local/bin/npm" "install" "v0.8.9"
29 error cwd /Users/demo/data/code/server/node/projs/node-stepify
30 error node -v v0.10.22
31 error npm -v 1.3.14
32 error code E404
33 verbose exit [ 1, true ]
